\BOOKMARK [0][-]{chapter*.3}{\376\377\000M\036\337\000\040\001\021\036\247\000u}{}% 1
\BOOKMARK [0][-]{chapter.1}{\376\377\000T\036\325\000n\000g\000\040\000q\000u\000a\000n\000\040\000v\036\301\000\040\001\021\036\301\000\040\000t\000\340\000i}{}% 2
\BOOKMARK [1][-]{section.1.1}{\376\377\000L\000\375\000\040\000d\000o\000\040\000c\000h\036\315\000n\000\040\001\021\036\301\000\040\000t\000\340\000i}{chapter.1}% 3
\BOOKMARK [1][-]{section.1.2}{\376\377\000Y\000\352\000u\000\040\000c\036\247\000u\000\040\000c\036\347\000a\000\040\000b\000\340\000i\000\040\000t\000o\000\341\000n}{chapter.1}% 4
\BOOKMARK [1][-]{section.1.3}{\376\377\000T\000\341\000c\000\040\000n\000h\000\342\000n\000\040\000c\036\347\000a\000\040\000h\036\307\000\040\000t\000h\036\321\000n\000g}{chapter.1}% 5
\BOOKMARK [1][-]{section.1.4}{\376\377\000M\000\364\000\040\000t\036\243\000\040\000h\036\307\000\040\000t\000h\036\321\000n\000g}{chapter.1}% 6
\BOOKMARK [2][-]{subsection.1.4.1}{\376\377\000D\000\340\000n\000h\000\040\000c\000h\000o\000\040\000q\000u\036\243\000n\000\040\000t\000r\036\313\000\040\000v\000i\000\352\000n}{section.1.4}% 7
\BOOKMARK [2][-]{subsection.1.4.2}{\376\377\000D\000\340\000n\000h\000\040\000c\000h\000o\000\040\000s\000i\000n\000h\000\040\000v\000i\000\352\000n}{section.1.4}% 8
\BOOKMARK [2][-]{subsection.1.4.3}{\376\377\000D\000\340\000n\000h\000\040\000c\000h\000o\000\040\000g\000i\036\243\000n\000g\000\040\000v\000i\000\352\000n}{section.1.4}% 9
\BOOKMARK [2][-]{subsection.1.4.4}{\376\377\000D\000\340\000n\000h\000\040\000c\000h\000o\000\040\000c\000\341\000n\000\040\000b\036\331}{section.1.4}% 10
\BOOKMARK [0][-]{chapter.2}{\376\377\000P\000h\000\342\000n\000\040\000t\000\355\000c\000h\000\040\000h\036\307\000\040\000t\000h\036\321\000n\000g}{}% 11
\BOOKMARK [1][-]{section.2.1}{\376\377\000B\000i\036\303\000u\000\040\001\021\036\323\000\040\000p\000h\000\342\000n\000\040\000c\036\245\000p\000\040\000c\000h\036\351\000c\000\040\000n\001\003\000n\000g}{chapter.2}% 12
\BOOKMARK [1][-]{section.2.2}{\376\377\000B\000i\036\303\000u\000\040\001\021\036\323\000\040\000u\000s\000e\000c\000a\000s\000e}{chapter.2}% 13
\BOOKMARK [1][-]{section.2.3}{\376\377\000B\000i\036\303\000u\000\040\001\021\036\323\000\040\000l\036\333\000p}{chapter.2}% 14
\BOOKMARK [1][-]{section.2.4}{\376\377\001\020\036\267\000c\000\040\000t\036\243\000\040\000u\000s\000e\000c\000a\000s\000e}{chapter.2}% 15
\BOOKMARK [2][-]{subsection.2.4.1}{\376\377\001\020\001\003\000n\000g\000\040\000n\000h\036\255\000p}{section.2.4}% 16
\BOOKMARK [2][-]{subsection.2.4.2}{\376\377\001\020\001\003\000n\000g\000\040\000k\000\375}{section.2.4}% 17
\BOOKMARK [2][-]{subsection.2.4.3}{\376\377\001\020\001\003\000n\000g\000\040\000x\000u\036\245\000t}{section.2.4}% 18
\BOOKMARK [2][-]{subsection.2.4.4}{\376\377\000Q\000u\000\352\000n\000\040\000m\036\255\000t\000\040\000k\000h\036\251\000u}{section.2.4}% 19
\BOOKMARK [2][-]{subsection.2.4.5}{\376\377\000C\036\255\000p\000\040\000n\000h\036\255\000t\000\040\000t\000h\000\364\000n\000g\000\040\000t\000i\000n}{section.2.4}% 20
\BOOKMARK [2][-]{subsection.2.4.6}{\376\377\000T\000h\036\321\000n\000g\000\040\000k\000\352}{section.2.4}% 21
\BOOKMARK [2][-]{subsection.2.4.7}{\376\377\001\020\001\003\000n\000g\000\040\000k\000\375\000\040\001\021\036\323\000\040\000\341\000n}{section.2.4}% 22
\BOOKMARK [2][-]{subsection.2.4.8}{\376\377\000T\036\241\000o\000\040\000C\000V}{section.2.4}% 23
\BOOKMARK [2][-]{subsection.2.4.9}{\376\377\001\020\001\003\000n\000g\000\040\000k\000\375\000\040\000t\000h\036\361\000c\000\040\000t\036\255\000p}{section.2.4}% 24
\BOOKMARK [2][-]{subsection.2.4.10}{\376\377\000T\000r\000a\000\040\000c\036\351\000u\000\040\000t\000h\000\364\000n\000g\000\040\000t\000i\000n}{section.2.4}% 25
\BOOKMARK [1][-]{section.2.5}{\376\377\000B\000i\036\303\000u\000\040\001\021\036\323\000\040\000t\000u\036\247\000n\000\040\000t\036\361}{chapter.2}% 26
\BOOKMARK [0][-]{chapter.3}{\376\377\000T\000h\000i\036\277\000t\000\040\000k\036\277\000\040\000h\036\307\000\040\000t\000h\036\321\000n\000g}{}% 27
\BOOKMARK [1][-]{section.3.1}{\376\377\000S\001\241\000\040\001\021\036\323\000\040\000t\000h\036\361\000c\000\040\000t\000h\036\303\000\040\000l\000i\000\352\000n\000\040\000k\036\277\000t}{chapter.3}% 28
\BOOKMARK [1][-]{section.3.2}{\376\377\000C\000h\000i\000\040\000t\000i\036\277\000t\000\040\000c\000\341\000c\000\040\000b\036\243\000n\000g}{chapter.3}% 29
\BOOKMARK [0][-]{chapter.4}{\376\377\000T\036\325\000n\000g\000\040\000k\036\277\000t}{}% 30
\BOOKMARK [0][-]{chapter*.4}{\376\377\000T\000\340\000i\000\040\000l\000i\036\307\000u\000\040\000t\000h\000a\000m\000\040\000k\000h\036\243\000o}{}% 31
