INFO:  latexindent.exe version 3.19, 2022-10-30, a script to indent .tex files
       latexindent.exe lives here: C:/texlive/2022/bin/win32/
       Mon Dec  5 19:38:48 2022
       Filename: c:\Users\trien\Documents\GitHub\HUST\DA_II\document\diagram\bieu_do_hoat_dong.tex
INFO:  Processing switches:
INFO:  Directory for backup files and indent.log:
       c:\Users\trien\Documents\GitHub\HUST\DA_II\document\diagram
INFO:  YAML settings read: defaultSettings.yaml
       Reading defaultSettings.yaml from C:/texlive/2022/bin/win32/defaultSettings.yaml
       Reading defaultSettings.yaml (2nd attempt) from C:/texlive/2022/bin/win32/../../texmf-dist/scripts/latexindent/defaultSettings.yaml
       and then, if necessary, C:/texlive/2022/bin/win32/LatexIndent/defaultSettings.yaml
INFO:  YAML settings read: indentconfig.yaml or .indentconfig.yaml
       Home directory is C:\Users\trien (didn't find either indentconfig.yaml or .indentconfig.yaml)
       To specify user settings you would put indentconfig.yaml here: C:\Users\trien/indentconfig.yaml
       Alternatively, you can use the hidden file .indentconfig.yaml as: C:\Users\trien/.indentconfig.yaml
INFO:  Phase 1: searching for objects
INFO:  Phase 2: finding surrounding indentation
INFO:  Phase 3: indenting objects
INFO:  Phase 4: final indentation check
INFO:  Output routine:
       Not outputting to file; see -w and -o switches for more options.
       --------------
INFO:  Please direct all communication/issues to:
        https://github.com/cmhughes/latexindent.pl
